<?xml version="1.0" encoding="UTF-8"?>
<!-- Generated by org.testng.reporters.JUnitReportReporter -->
<testsuite hostname="LAPTOP-LTVAK7HH" failures="0" tests="3" name="projectLuma.CompareTitleMain" time="12.905" errors="0" timestamp="2024-08-11T12:46:28 IST" skipped="0">
  <testcase classname="projectLuma.CompareTitleMain" name="setup" time="3.742"/>
  <testcase classname="projectLuma.CompareTitleMain" name="placeOrder" time="9.131"/>
  <testcase classname="projectLuma.CompareTitleMain" name="verifyHomePage" time="0.032"/>
</testsuite> <!-- projectLuma.CompareTitleMain -->
