<?xml version="1.0" encoding="UTF-8"?>
<!-- Generated by org.testng.reporters.JUnitReportReporter -->
<testsuite hostname="LAPTOP-LTVAK7HH" failures="0" tests="3" name="projectLuma.LumaTitleContainMain" time="10.262" errors="0" timestamp="2024-08-11T13:08:16 IST" skipped="0">
  <testcase classname="projectLuma.LumaTitleContainMain" name="setup" time="2.699"/>
  <testcase classname="projectLuma.LumaTitleContainMain" name="placeOrder" time="7.546"/>
  <testcase classname="projectLuma.LumaTitleContainMain" name="verifyTitleContains" time="0.017"/>
</testsuite> <!-- projectLuma.LumaTitleContainMain -->
