<?xml version="1.0" encoding="UTF-8"?>
<!-- Generated by org.testng.reporters.JUnitReportReporter -->
<testsuite hostname="LAPTOP-LTVAK7HH" failures="0" tests="3" name="projectLuma.NavigateBackAndForwardMain" time="23.481" errors="0" timestamp="2024-08-11T13:14:25 IST" skipped="0">
  <testcase classname="projectLuma.NavigateBackAndForwardMain" name="setup" time="2.103"/>
  <testcase classname="projectLuma.NavigateBackAndForwardMain" name="placeOrder" time="9.595"/>
  <testcase classname="projectLuma.NavigateBackAndForwardMain" name="verifybackandFwd" time="11.783"/>
</testsuite> <!-- projectLuma.NavigateBackAndForwardMain -->
