<?xml version="1.0" encoding="UTF-8"?>
<!-- Generated by org.testng.reporters.JUnitReportReporter -->
<testsuite hostname="LAPTOP-LTVAK7HH" failures="0" tests="2" name="projectLuma.CompareUrl" time="3.236" errors="0" timestamp="2024-07-26T16:59:05 IST" skipped="0">
  <testcase classname="projectLuma.CompareUrl" name="login" time="3.209"/>
  <testcase classname="projectLuma.CompareUrl" name="verifyHomepage" time="0.027"/>
</testsuite> <!-- projectLuma.CompareUrl -->
