<?xml version="1.0" encoding="UTF-8"?>
<!-- Generated by org.testng.reporters.JUnitReportReporter -->
<testsuite hostname="LAPTOP-LTVAK7HH" failures="0" tests="23" name="projectLuma.ProjectLumaFlow" time="139.241" errors="0" timestamp="2024-07-31T19:49:40 IST" skipped="0">
  <testcase classname="projectLuma.ProjectLumaFlow" name="setup" time="1.761"/>
  <testcase classname="projectLuma.ProjectLumaFlow" name="urlContains" time="3.445"/>
  <testcase classname="projectLuma.ProjectLumaFlow" name="placeOrder" time="6.434"/>
  <testcase classname="projectLuma.ProjectLumaFlow" name="clickTopMenu" time="3.113"/>
  <testcase classname="projectLuma.ProjectLumaFlow" name="clickSorter" time="1.429"/>
  <testcase classname="projectLuma.ProjectLumaFlow" name="clickMaterial" time="1.262"/>
  <testcase classname="projectLuma.ProjectLumaFlow" name="clickPhotoProduct" time="1.367"/>
  <testcase classname="projectLuma.ProjectLumaFlow" name="addWishList" time="4.943"/>
  <testcase classname="projectLuma.ProjectLumaFlow" name="addQuantity" time="4.124"/>
  <testcase classname="projectLuma.ProjectLumaFlow" name="addToCart" time="3.074"/>
  <testcase classname="projectLuma.ProjectLumaFlow" name="clickCart" time="2.084"/>
  <testcase classname="projectLuma.ProjectLumaFlow" name="proceedCheckout" time="3.823"/>
  <testcase classname="projectLuma.ProjectLumaFlow" name="adddetails" time="11.688"/>
  <testcase classname="projectLuma.ProjectLumaFlow" name="updateDetails" time="6.971"/>
  <testcase classname="projectLuma.ProjectLumaFlow" name="placeOrderbtn" time="5.093"/>
  <testcase classname="projectLuma.ProjectLumaFlow" name="takeScreenshot" time="1.680"/>
  <testcase classname="projectLuma.ProjectLumaFlow" name="continueShopping" time="1.129"/>
  <testcase classname="projectLuma.ProjectLumaFlow" name="searchText" time="3.158"/>
  <testcase classname="projectLuma.ProjectLumaFlow" name="myOrder" time="3.603"/>
  <testcase classname="projectLuma.ProjectLumaFlow" name="signOut" time="3.765"/>
  <testcase classname="projectLuma.ProjectLumaFlow" name="changePwd" time="12.135"/>
  <testcase classname="projectLuma.ProjectLumaFlow" name="createAccount" time="7.095"/>
  <testcase classname="projectLuma.ProjectLumaFlow" name="signinValidInvalid" time="46.065"/>
</testsuite> <!-- projectLuma.ProjectLumaFlow -->
