<?xml version="1.0" encoding="UTF-8"?>
<!-- Generated by org.testng.reporters.JUnitReportReporter -->
<testsuite hostname="LAPTOP-LTVAK7HH" failures="0" tests="2" name="projectLuma.CompareTitle" time="3.241" errors="0" timestamp="2024-07-31T18:25:48 IST" skipped="0">
  <testcase classname="projectLuma.CompareTitle" name="login" time="3.172"/>
  <testcase classname="projectLuma.CompareTitle" name="verifyHomepage" time="0.069"/>
</testsuite> <!-- projectLuma.CompareTitle -->
